TN:
SF:script/DeployEigenOperatorProxy.sol
DA:14,0
FN:14,DeployEigenOperatorProxy.run
FNDA:0,DeployEigenOperatorProxy.run
DA:15,0
DA:17,0
DA:18,0
DA:19,0
DA:21,0
DA:23,0
DA:31,0
DA:32,0
DA:34,0
DA:35,0
DA:36,0
DA:37,0
DA:39,0
DA:41,0
FNF:1
FNH:0
LF:15
LH:0
BRF:0
BRH:0
end_of_record
TN:
SF:script/DeployEigenProvider.sol
DA:26,0
FN:26,DeployEigenProvider.run
FNDA:0,DeployEigenProvider.run
DA:27,0
DA:29,0
DA:30,0
DA:32,0
DA:33,0
DA:34,0
DA:37,0
DA:40,0
DA:41,0
DA:42,0
DA:43,0
DA:45,0
DA:47,0
DA:49,0
DA:52,0
FN:52,DeployEigenProvider._deployAllFacets
FNDA:0,DeployEigenProvider._deployAllFacets
DA:53,0
DA:56,0
DA:57,0
DA:58,0
DA:59,0
DA:62,0
DA:63,0
DA:64,0
DA:65,0
DA:68,0
DA:69,0
DA:70,0
DA:73,0
DA:76,0
DA:77,0
DA:78,0
DA:79,0
DA:80,0
DA:81,0
DA:86,0
DA:87,0
DA:88,0
DA:89,0
DA:90,0
DA:93,0
FN:93,DeployEigenProvider._prepareDiamondArgs
FNDA:0,DeployEigenProvider._prepareDiamondArgs
DA:98,0
DA:99,0
DA:101,0
DA:116,0
FN:116,DeployEigenProvider._logDeploymentSummary
FNDA:0,DeployEigenProvider._logDeploymentSummary
DA:120,0
DA:121,0
DA:122,0
DA:123,0
DA:124,0
DA:125,0
DA:126,0
FNF:4
FNH:0
LF:52
LH:0
BRF:0
BRH:0
end_of_record
TN:
SF:script/DeployExampleCoverageAgent.sol
DA:13,0
FN:13,DeployExampleCoverageAgent.run
FNDA:0,DeployExampleCoverageAgent.run
DA:14,0
DA:16,0
DA:17,0
DA:19,0
DA:20,0
DA:22,0
DA:23,0
DA:24,0
DA:25,0
DA:27,0
FNF:1
FNH:0
LF:11
LH:0
BRF:0
BRH:0
end_of_record
TN:
SF:src/ExampleCoverageAgent.sol
DA:23,99
FN:23,ExampleCoverageAgent.constructor
FNDA:99,ExampleCoverageAgent.constructor
DA:24,99
BRDA:24,0,0,1
DA:25,98
DA:26,98
DA:30,98
FN:30,ExampleCoverageAgent.registerCoverageProvider
FNDA:98,ExampleCoverageAgent.registerCoverageProvider
DA:31,96
DA:33,96
DA:35,96
DA:39,205
FN:39,ExampleCoverageAgent.onRegisterPosition
FNDA:205,ExampleCoverageAgent.onRegisterPosition
DA:40,205
BRDA:40,1,0,1
DA:41,1
DA:43,204
DA:47,272
FN:47,ExampleCoverageAgent.onSlashCompleted
FNDA:272,ExampleCoverageAgent.onSlashCompleted
DA:48,272
BRDA:48,2,0,-
DA:49,0
DA:52,272
DA:59,11
FN:59,ExampleCoverageAgent.purchaseCoverage
FNDA:11,ExampleCoverageAgent.purchaseCoverage
DA:64,11
DA:67,11
DA:68,11
DA:70,11
DA:71,13
DA:74,13
BRDA:74,3,0,-
DA:75,0
DA:79,13
DA:82,13
DA:86,13
DA:89,11
DA:96,7
FN:96,ExampleCoverageAgent.slashCoverage
FNDA:7,ExampleCoverageAgent.slashCoverage
DA:101,6
BRDA:101,4,0,2
BRDA:101,4,1,4
DA:102,4
DA:103,4
DA:104,4
DA:105,6
DA:106,6
DA:107,6
DA:108,6
DA:109,6
DA:110,6
DA:112,6
DA:113,6
DA:114,6
DA:116,4
DA:120,2
FN:120,ExampleCoverageAgent.registeredCoverageProviders
FNDA:2,ExampleCoverageAgent.registeredCoverageProviders
DA:121,2
DA:125,1
FN:125,ExampleCoverageAgent.isCoverageProviderRegistered
FNDA:1,ExampleCoverageAgent.isCoverageProviderRegistered
DA:126,1
DA:130,11
FN:130,ExampleCoverageAgent.coverage
FNDA:11,ExampleCoverageAgent.coverage
DA:131,11
BRDA:131,5,0,3
BRDA:131,5,1,8
DA:132,8
DA:136,2075
FN:136,ExampleCoverageAgent.asset
FNDA:2075,ExampleCoverageAgent.asset
DA:137,2075
DA:141,68
FN:141,ExampleCoverageAgent.coordinator
FNDA:68,ExampleCoverageAgent.coordinator
DA:142,68
DA:145,7
FN:145,ExampleCoverageAgent.onlyCoordinator
FNDA:7,ExampleCoverageAgent.onlyCoordinator
DA:146,7
DA:150,116
FN:150,ExampleCoverageAgent._onlyCoordinator
FNDA:116,ExampleCoverageAgent._onlyCoordinator
DA:151,116
BRDA:151,6,0,3
FNF:13
FNH:13
LF:58
LH:56
BRF:9
BRH:7
end_of_record
TN:
SF:src/diamond/Diamond.sol
DA:25,4932
FN:25,Diamond.fallback
FNDA:4932,Diamond.fallback
DA:26,4932
DA:29,4932
DA:30,4932
BRDA:30,0,0,-
DA:31,0
DA:38,4932
DA:42,4932
DA:45,4932
DA:49,4932
DA:50,4882
FNF:1
FNH:1
LF:10
LH:9
BRF:1
BRH:0
end_of_record
TN:
SF:src/diamond/facets/DiamondCutFacet.sol
DA:19,0
FN:19,DiamondCutFacet.diamondCut
FNDA:0,DiamondCutFacet.diamondCut
DA:20,0
DA:21,0
DA:27,2
FN:27,DiamondCutFacet.owner
FNDA:2,DiamondCutFacet.owner
DA:28,2
DA:32,1
FN:32,DiamondCutFacet.setOwner
FNDA:1,DiamondCutFacet.setOwner
DA:33,1
DA:34,1
FNF:3
FNH:2
LF:8
LH:5
BRF:0
BRH:0
end_of_record
TN:
SF:src/diamond/facets/DiamondLoupeFacet.sol
DA:18,0
FN:18,DiamondLoupeFacet.facets
FNDA:0,DiamondLoupeFacet.facets
DA:19,0
DA:20,0
DA:21,0
DA:22,0
DA:23,0
DA:24,0
DA:25,0
DA:30,0
FN:30,DiamondLoupeFacet.facetFunctionSelectors
FNDA:0,DiamondLoupeFacet.facetFunctionSelectors
DA:36,0
DA:37,0
DA:41,0
FN:41,DiamondLoupeFacet.facetAddresses
FNDA:0,DiamondLoupeFacet.facetAddresses
DA:42,0
DA:43,0
DA:47,0
FN:47,DiamondLoupeFacet.facetAddress
FNDA:0,DiamondLoupeFacet.facetAddress
DA:48,0
DA:49,0
DA:53,0
FN:53,DiamondLoupeFacet.supportsInterface
FNDA:0,DiamondLoupeFacet.supportsInterface
DA:54,0
DA:55,0
FNF:5
FNH:0
LF:20
LH:0
BRF:0
BRH:0
end_of_record
TN:
SF:src/diamond/libraries/LibDiamond.sol
DA:90,5598
FN:90,LibDiamond.diamondStorage
FNDA:5598,LibDiamond.diamondStorage
DA:91,5598
DA:93,5598
DA:99,77
FN:99,LibDiamond.setContractOwner
FNDA:77,LibDiamond.setContractOwner
DA:100,77
DA:101,77
DA:102,77
DA:103,77
DA:108,2
FN:108,LibDiamond.contractOwner
FNDA:2,LibDiamond.contractOwner
DA:109,2
DA:113,131
FN:113,LibDiamond.enforceIsContractOwner
FNDA:131,LibDiamond.enforceIsContractOwner
DA:114,131
DA:115,131
BRDA:115,0,0,1
DA:116,1
DA:129,76
FN:129,LibDiamond.diamondCut
FNDA:76,LibDiamond.diamondCut
DA:130,76
DA:131,380
DA:132,380
BRDA:132,1,0,380
BRDA:132,1,1,-
DA:133,380
DA:134,0
BRDA:134,2,0,-
BRDA:134,2,1,-
DA:135,0
DA:136,0
BRDA:136,3,0,-
DA:137,0
DA:140,76
DA:141,76
DA:147,380
FN:147,LibDiamond.addFunctions
FNDA:380,LibDiamond.addFunctions
DA:148,380
BRDA:148,4,0,-
DA:149,0
DA:151,380
DA:152,380
BRDA:152,5,0,-
DA:153,0
DA:155,380
DA:157,380
BRDA:157,6,0,380
DA:158,380
DA:160,380
DA:161,3040
DA:162,3040
DA:163,3040
BRDA:163,7,0,-
DA:164,0
DA:166,3040
DA:167,3040
DA:174,0
FN:174,LibDiamond.replaceFunctions
FNDA:0,LibDiamond.replaceFunctions
DA:175,0
BRDA:175,8,0,-
DA:176,0
DA:178,0
DA:179,0
BRDA:179,9,0,-
DA:180,0
DA:182,0
DA:184,0
BRDA:184,10,0,-
DA:185,0
DA:187,0
DA:188,0
DA:189,0
DA:190,0
BRDA:190,11,0,-
DA:191,0
DA:193,0
BRDA:193,12,0,-
DA:194,0
DA:196,0
BRDA:196,13,0,-
DA:197,0
DA:199,0
DA:200,0
DA:201,0
DA:208,0
FN:208,LibDiamond.removeFunctions
FNDA:0,LibDiamond.removeFunctions
DA:209,0
BRDA:209,14,0,-
DA:210,0
DA:212,0
DA:213,0
BRDA:213,15,0,-
DA:214,0
DA:216,0
DA:217,0
DA:218,0
DA:219,0
BRDA:219,16,0,-
DA:220,0
DA:222,0
BRDA:222,17,0,-
DA:223,0
DA:225,0
DA:232,380
FN:232,LibDiamond.addFacet
FNDA:380,LibDiamond.addFacet
DA:233,380
DA:234,380
DA:235,380
DA:243,3040
FN:243,LibDiamond.addFunction
FNDA:3040,LibDiamond.addFunction
DA:246,3040
DA:247,3040
DA:248,3040
DA:255,0
FN:255,LibDiamond.removeFunction
FNDA:0,LibDiamond.removeFunction
DA:257,0
DA:258,0
DA:260,0
BRDA:260,18,0,-
DA:261,0
DA:262,0
DA:265,0
DA:268,0
DA:272,0
BRDA:272,19,0,-
DA:274,0
DA:275,0
DA:276,0
BRDA:276,20,0,-
DA:277,0
DA:278,0
DA:279,0
DA:281,0
DA:289,76
FN:289,LibDiamond.initializeDiamondCut
FNDA:76,LibDiamond.initializeDiamondCut
DA:290,76
BRDA:290,21,0,76
DA:291,76
DA:293,0
DA:294,0
DA:295,0
BRDA:295,22,0,-
DA:296,0
BRDA:296,23,0,-
BRDA:296,23,1,-
DA:299,0
DA:300,0
DA:303,0
DA:311,380
FN:311,LibDiamond.enforceHasContractCode
FNDA:380,LibDiamond.enforceHasContractCode
DA:312,380
DA:314,380
DA:316,380
BRDA:316,24,0,-
DA:317,0
FNF:13
FNH:10
LF:115
LH:49
BRF:28
BRH:4
end_of_record
TN:
SF:src/facets/AssetPriceOracleAndSwapperFacet.sol
DA:16,47
FN:16,AssetPriceOracleAndSwapperFacet.register
FNDA:47,AssetPriceOracleAndSwapperFacet.register
DA:17,47
DA:18,46
DA:21,0
FN:21,AssetPriceOracleAndSwapperFacet.setSwapSlippage
FNDA:0,AssetPriceOracleAndSwapperFacet.setSwapSlippage
DA:22,0
DA:23,0
FNF:2
FNH:1
LF:6
LH:3
BRF:0
BRH:0
end_of_record
TN:
SF:src/mixins/AssetPriceOracleAndSwapper.sol
DA:15,94
FN:15,AssetPriceOracleAndSwapper.register
FNDA:94,AssetPriceOracleAndSwapper.register
DA:16,94
DA:17,94
DA:18,94
BRDA:18,0,0,-
DA:20,94
BRDA:20,1,0,-
DA:22,94
DA:23,94
DA:24,94
DA:25,94
DA:26,94
DA:27,94
DA:28,94
DA:29,94
DA:32,94
DA:35,94
BRDA:35,2,0,-
DA:37,94
DA:41,276
FN:41,AssetPriceOracleAndSwapper.swapForOutput
FNDA:276,AssetPriceOracleAndSwapper.swapForOutput
DA:42,276
DA:44,275
DA:47,275
DA:58,275
BRDA:58,3,0,1
DA:62,1
FN:62,AssetPriceOracleAndSwapper.swapForInput
FNDA:1,AssetPriceOracleAndSwapper.swapForInput
DA:63,1
DA:65,1
DA:68,1
DA:79,1
BRDA:79,4,0,-
DA:83,4
FN:83,AssetPriceOracleAndSwapper.setSwapSlippage
FNDA:4,AssetPriceOracleAndSwapper.setSwapSlippage
DA:84,4
BRDA:84,5,0,1
DA:85,3
DA:89,7
FN:89,AssetPriceOracleAndSwapper.swapSlippage
FNDA:7,AssetPriceOracleAndSwapper.swapSlippage
DA:90,7
DA:94,10
FN:94,AssetPriceOracleAndSwapper.assetPair
FNDA:10,AssetPriceOracleAndSwapper.assetPair
DA:95,10
DA:99,454
FN:99,AssetPriceOracleAndSwapper.getQuote
FNDA:454,AssetPriceOracleAndSwapper.getQuote
DA:104,454
DA:105,453
DA:107,453
BRDA:107,6,0,2
BRDA:107,6,1,1
DA:108,2
DA:109,451
BRDA:109,7,0,447
BRDA:109,7,1,1
DA:110,447
DA:112,4
DA:113,4
BRDA:113,8,0,2
BRDA:113,8,1,2
DA:114,2
DA:115,2
DA:116,2
BRDA:116,9,0,2
DA:117,2
DA:118,2
DA:121,4
DA:122,4
DA:123,4
DA:128,277
FN:128,AssetPriceOracleAndSwapper.swapForOutputQuote
FNDA:277,AssetPriceOracleAndSwapper.swapForOutputQuote
DA:133,552
DA:134,551
DA:135,551
DA:139,4
FN:139,AssetPriceOracleAndSwapper.swapForInputQuote
FNDA:4,AssetPriceOracleAndSwapper.swapForInputQuote
DA:144,5
DA:145,4
DA:146,4
DA:153,1288
FN:153,AssetPriceOracleAndSwapper._getRegisteredAssetPair
FNDA:1288,AssetPriceOracleAndSwapper._getRegisteredAssetPair
DA:158,1288
DA:160,1288
BRDA:160,10,0,700
DA:161,700
DA:162,700
BRDA:162,11,0,4
DA:163,4
FNF:10
FNH:10
LF:64
LH:64
BRF:15
BRH:11
end_of_record
TN:
SF:src/providers/eigenlayer/EigenCoverageDiamond.sol
DA:36,76
FN:36,EigenCoverageDiamond.constructor
FNDA:76,EigenCoverageDiamond.constructor
DA:38,76
DA:41,76
DA:43,76
DA:46,76
DA:47,76
DA:48,76
DA:49,76
DA:51,76
DA:52,76
DA:53,76
DA:56,76
DA:59,76
DA:64,76
DA:70,76
FN:70,EigenCoverageDiamond._initializeAVSMetadataURI
FNDA:76,EigenCoverageDiamond._initializeAVSMetadataURI
DA:71,76
FNF:2
FNH:2
LF:16
LH:16
BRF:0
BRH:0
end_of_record
TN:
SF:src/providers/eigenlayer/EigenOperatorProxy.sol
DA:30,80
FN:30,EigenOperatorProxy.constructor
FNDA:80,EigenOperatorProxy.constructor
DA:31,80
DA:32,80
DA:35,80
DA:38,80
DA:39,80
DA:40,80
DA:44,280
FN:44,EigenOperatorProxy.registerCoverageAgent
FNDA:280,EigenOperatorProxy.registerCoverageAgent
DA:48,274
DA:49,274
DA:52,274
BRDA:52,0,0,2
DA:53,2
DA:57,272
DA:58,272
DA:60,272
DA:61,272
DA:64,272
DA:66,272
DA:70,228
FN:70,EigenOperatorProxy.allocate
FNDA:228,EigenOperatorProxy.allocate
DA:76,227
DA:79,227
DA:80,227
DA:81,227
BRDA:81,1,0,1
DA:82,1
DA:84,226
DA:88,226
DA:89,226
DA:90,226
DA:95,226
DA:99,40
FN:99,EigenOperatorProxy.setRewardsSplit
FNDA:40,EigenOperatorProxy.setRewardsSplit
DA:103,39
DA:106,311
FN:106,EigenOperatorProxy._setRewardsSplit
FNDA:311,EigenOperatorProxy._setRewardsSplit
DA:107,311
BRDA:107,2,0,2
DA:108,309
DA:109,309
DA:110,309
DA:115,5
FN:115,EigenOperatorProxy.updateOperatorMetadataURI
FNDA:5,EigenOperatorProxy.updateOperatorMetadataURI
DA:116,5
BRDA:116,3,0,3
DA:117,2
DA:121,5
FN:121,EigenOperatorProxy.handler
FNDA:5,EigenOperatorProxy.handler
DA:122,5
DA:126,1
FN:126,EigenOperatorProxy.eigenAddresses
FNDA:1,EigenOperatorProxy.eigenAddresses
DA:127,1
DA:130,548
FN:130,EigenOperatorProxy._onlyHandler
FNDA:548,EigenOperatorProxy._onlyHandler
DA:131,548
BRDA:131,4,0,8
DA:134,40
FN:134,EigenOperatorProxy.onlyHandler
FNDA:40,EigenOperatorProxy.onlyHandler
DA:135,40
FNF:10
FNH:10
LF:47
LH:47
BRF:5
BRH:5
end_of_record
TN:
SF:src/providers/eigenlayer/facets/EigenCoverageProviderFacet.sol
DA:36,76
FN:36,EigenCoverageProviderFacet.onIsRegistered
FNDA:76,EigenCoverageProviderFacet.onIsRegistered
DA:37,76
BRDA:37,0,0,-
DA:38,0
DA:41,76
DA:43,76
DA:46,76
DA:49,76
DA:51,76
DA:53,76
DA:56,76
DA:61,189
FN:61,EigenCoverageProviderFacet.createPosition
FNDA:189,EigenCoverageProviderFacet.createPosition
DA:65,189
BRDA:65,1,0,-
DA:66,189
BRDA:66,2,0,-
DA:68,189
DA:69,189
DA:71,189
DA:75,0
BRDA:75,3,0,-
DA:77,189
BRDA:77,4,0,-
DA:78,0
DA:81,189
BRDA:81,5,0,-
DA:82,0
DA:86,189
DA:91,189
DA:96,3
FN:96,EigenCoverageProviderFacet.closePosition
FNDA:3,EigenCoverageProviderFacet.closePosition
DA:97,3
DA:99,3
DA:101,1
BRDA:101,6,0,1
DA:103,2
BRDA:103,7,0,1
BRDA:103,7,1,1
DA:104,1
DA:105,1
DA:109,351
FN:109,EigenCoverageProviderFacet.claimCoverage
FNDA:351,EigenCoverageProviderFacet.claimCoverage
DA:113,351
BRDA:113,8,0,1
DA:115,350
DA:116,350
BRDA:116,9,0,1
DA:117,1
DA:120,349
DA:123,346
DA:125,346
BRDA:125,10,0,-
DA:127,346
DA:128,346
DA:129,346
DA:131,313
DA:132,313
DA:144,313
BRDA:144,11,0,313
DA:145,313
DA:149,313
DA:153,0
FN:153,EigenCoverageProviderFacet.liquidateClaim
FNDA:0,EigenCoverageProviderFacet.liquidateClaim
DA:155,0
DA:159,1
FN:159,EigenCoverageProviderFacet.completeClaims
FNDA:1,EigenCoverageProviderFacet.completeClaims
DA:160,1
DA:161,1
BRDA:161,12,0,-
DA:163,1
BRDA:163,13,0,-
DA:164,0
DA:167,1
DA:168,1
DA:172,111
FN:172,EigenCoverageProviderFacet.slashClaims
FNDA:111,EigenCoverageProviderFacet.slashClaims
DA:176,111
DA:177,111
DA:178,278
DA:179,278
DA:180,278
BRDA:180,14,0,1
DA:181,1
DA:185,277
BRDA:185,15,0,2
DA:188,275
BRDA:188,16,0,1
DA:189,1
DA:192,274
BRDA:192,17,0,1
DA:194,273
DA:196,273
BRDA:196,18,0,271
BRDA:196,18,1,2
DA:198,271
DA:199,271
DA:201,2
DA:202,2
DA:203,2
DA:204,2
DA:210,3
FN:210,EigenCoverageProviderFacet.completeSlash
FNDA:3,EigenCoverageProviderFacet.completeSlash
DA:211,3
DA:212,3
BRDA:212,19,0,1
DA:214,2
DA:216,1
BRDA:216,20,0,1
DA:217,1
DA:219,1
DA:223,34
FN:223,EigenCoverageProviderFacet.position
FNDA:34,EigenCoverageProviderFacet.position
DA:224,34
DA:228,1
FN:228,EigenCoverageProviderFacet.positionMaxAmount
FNDA:1,EigenCoverageProviderFacet.positionMaxAmount
DA:229,1
DA:231,1
DA:233,1
DA:234,1
DA:235,1
BRDA:235,21,0,1
DA:236,1
DA:241,337
FN:241,EigenCoverageProviderFacet.claim
FNDA:337,EigenCoverageProviderFacet.claim
DA:242,337
DA:246,0
FN:246,EigenCoverageProviderFacet.claimBacking
FNDA:0,EigenCoverageProviderFacet.claimBacking
DA:247,0
DA:248,0
DA:252,0
FN:252,EigenCoverageProviderFacet.claimTotalSlashAmount
FNDA:0,EigenCoverageProviderFacet.claimTotalSlashAmount
DA:253,0
DA:259,349
FN:259,EigenCoverageProviderFacet._validatePosition
FNDA:349,EigenCoverageProviderFacet._validatePosition
DA:263,349
DA:264,349
BRDA:264,22,0,1
DA:266,348
BRDA:266,23,0,1
DA:267,347
BRDA:267,24,0,1
BRDA:267,24,1,346
DA:274,346
FN:274,EigenCoverageProviderFacet._updateCoverageMap
FNDA:346,EigenCoverageProviderFacet._updateCoverageMap
DA:275,346
DA:278,346
DA:279,346
DA:281,346
DA:286,346
FN:286,EigenCoverageProviderFacet._checkCoverage
FNDA:346,EigenCoverageProviderFacet._checkCoverage
DA:287,346
DA:289,346
BRDA:289,25,0,33
DA:291,33
DA:301,346
FN:301,EigenCoverageProviderFacet._coverageBackingAmount
FNDA:346,EigenCoverageProviderFacet._coverageBackingAmount
DA:306,346
DA:307,346
DA:308,346
DA:313,346
DA:317,347
FN:317,EigenCoverageProviderFacet._totalCoverageByOperatorStrategy
FNDA:347,EigenCoverageProviderFacet._totalCoverageByOperatorStrategy
DA:322,347
DA:323,346
BRDA:323,26,0,346
DA:324,346
DA:326,1
DA:329,189
FN:329,EigenCoverageProviderFacet._registerPosition
FNDA:189,EigenCoverageProviderFacet._registerPosition
DA:334,189
DA:341,189
DA:343,189
DA:346,189
DA:349,272
FN:349,EigenCoverageProviderFacet._initiateSlash
FNDA:272,EigenCoverageProviderFacet._initiateSlash
DA:350,272
DA:351,272
DA:352,272
DA:355,272
DA:356,272
DA:359,272
DA:363,272
DA:367,272
DA:368,272
BRDA:368,27,0,-
DA:370,272
DA:371,272
DA:372,272
DA:375,272
DA:380,272
BRDA:380,28,0,-
DA:383,272
DA:385,272
BRDA:385,29,0,272
DA:386,272
DA:387,272
DA:390,272
DA:403,192
FN:403,EigenCoverageProviderFacet._checkOperatorPermissions
FNDA:192,EigenCoverageProviderFacet._checkOperatorPermissions
DA:404,192
DA:405,192
FNF:21
FNH:18
LF:149
LH:137
BRF:33
BRH:22
end_of_record
TN:
SF:src/providers/eigenlayer/facets/EigenServiceManagerFacet.sol
DA:30,195
FN:30,EigenServiceManagerFacet.eigenAddresses
FNDA:195,EigenServiceManagerFacet.eigenAddresses
DA:31,195
DA:35,272
FN:35,EigenServiceManagerFacet.registerOperator
FNDA:272,EigenServiceManagerFacet.registerOperator
DA:36,272
BRDA:36,0,0,-
BRDA:36,0,1,272
DA:37,272
BRDA:37,1,0,-
DA:41,83
FN:41,EigenServiceManagerFacet.setStrategyWhitelist
FNDA:83,EigenServiceManagerFacet.setStrategyWhitelist
DA:42,83
DA:44,83
DA:46,80
BRDA:46,2,0,80
BRDA:46,2,1,78
DA:47,80
BRDA:47,3,0,2
DA:48,2
DA:50,78
DA:51,78
DA:54,3
DA:59,234
FN:59,EigenServiceManagerFacet.isStrategyWhitelisted
FNDA:234,EigenServiceManagerFacet.isStrategyWhitelisted
DA:60,234
DA:64,6
FN:64,EigenServiceManagerFacet.whitelistedStrategies
FNDA:6,EigenServiceManagerFacet.whitelistedStrategies
DA:65,6
DA:66,6
DA:67,6
DA:68,4
DA:73,846
FN:73,EigenServiceManagerFacet.getOperatorSetId
FNDA:846,EigenServiceManagerFacet.getOperatorSetId
DA:74,846
DA:78,412
FN:78,EigenServiceManagerFacet.coverageAllocated
FNDA:412,EigenServiceManagerFacet.coverageAllocated
DA:83,412
DA:87,5
FN:87,EigenServiceManagerFacet.captureRewards
FNDA:5,EigenServiceManagerFacet.captureRewards
DA:91,5
DA:92,5
DA:93,5
DA:95,5
DA:98,5
DA:102,5
BRDA:102,4,0,2
DA:103,2
DA:106,3
BRDA:106,5,0,3
BRDA:106,5,1,-
DA:107,3
DA:108,3
DA:109,3
DA:110,3
DA:111,3
DA:112,0
BRDA:112,6,0,-
BRDA:112,6,1,-
DA:113,0
DA:115,0
DA:118,3
DA:120,3
DA:130,3
DA:134,272
FN:134,EigenServiceManagerFacet.submitOperatorReward
FNDA:272,EigenServiceManagerFacet.submitOperatorReward
DA:143,272
BRDA:143,7,0,-
BRDA:143,7,1,272
DA:145,272
DA:158,275
FN:158,EigenServiceManagerFacet._submitOperatorReward
FNDA:275,EigenServiceManagerFacet._submitOperatorReward
DA:167,275
DA:168,275
DA:172,275
DA:173,275
DA:175,275
BRDA:175,8,0,-
DA:176,0
DA:178,275
DA:180,275
DA:183,275
BRDA:183,9,0,272
DA:184,272
DA:187,275
DA:189,275
BRDA:189,10,0,-
DA:190,0
DA:194,275
DA:196,275
DA:197,275
DA:198,275
DA:201,275
DA:202,275
DA:203,275
DA:205,275
DA:206,275
DA:207,275
DA:216,275
DA:220,0
FN:220,EigenServiceManagerFacet.updateAVSMetadataURI
FNDA:0,EigenServiceManagerFacet.updateAVSMetadataURI
DA:221,0
DA:222,0
DA:226,272
FN:226,EigenServiceManagerFacet.slashOperator
FNDA:272,EigenServiceManagerFacet.slashOperator
DA:230,272
BRDA:230,11,0,-
BRDA:230,11,1,272
DA:232,272
DA:234,272
DA:235,272
DA:237,272
DA:239,272
DA:240,272
DA:242,272
DA:255,272
DA:256,272
DA:261,189
FN:261,EigenServiceManagerFacet.ensureAllocations
FNDA:189,EigenServiceManagerFacet.ensureAllocations
DA:262,189
DA:263,189
DA:264,189
DA:267,189
DA:268,189
DA:269,189
DA:270,0
BRDA:270,12,0,-
DA:271,0
DA:272,0
DA:275,189
BRDA:275,13,0,189
DA:276,189
DA:277,189
DA:278,189
DA:282,189
DA:283,189
DA:285,189
BRDA:285,14,0,-
DA:289,1
FN:289,EigenServiceManagerFacet.getAllocationedStrategies
FNDA:1,EigenServiceManagerFacet.getAllocationedStrategies
DA:294,1
DA:295,1
DA:296,1
DA:297,1
DA:298,1
DA:299,1
DA:300,1
DA:302,1
DA:308,283
FN:308,EigenServiceManagerFacet._min
FNDA:283,EigenServiceManagerFacet._min
DA:309,283
DA:313,412
FN:313,EigenServiceManagerFacet._totalAllocatedValueToCoverageAgent
FNDA:412,EigenServiceManagerFacet._totalAllocatedValueToCoverageAgent
DA:318,412
DA:319,412
DA:320,412
DA:321,412
DA:322,412
DA:323,412
DA:324,412
DA:330,412
DA:335,272
FN:335,EigenServiceManagerFacet._calculateWadToSlash
FNDA:272,EigenServiceManagerFacet._calculateWadToSlash
DA:341,272
DA:342,272
DA:343,272
DA:344,272
DA:346,272
DA:352,272
DA:356,272
DA:358,272
BRDA:358,15,0,-
DA:359,0
DA:367,0
BRDA:367,16,0,-
DA:368,0
DA:370,0
FNF:17
FNH:16
LF:137
LH:122
BRF:23
BRH:10
end_of_record
TN:
SF:src/storage/AssetPriceOracleAndSwapperStorage.sol
DA:17,2092
FN:17,AssetPriceOracleAndSwapperStorage.assetPairs
FNDA:2092,AssetPriceOracleAndSwapperStorage.assetPairs
DA:18,2092
DA:23,562
FN:23,AssetPriceOracleAndSwapperStorage._swapSlippage
FNDA:562,AssetPriceOracleAndSwapperStorage._swapSlippage
DA:24,562
DA:25,562
DA:26,562
DA:31,3
FN:31,AssetPriceOracleAndSwapperStorage._setSwapSlippage
FNDA:3,AssetPriceOracleAndSwapperStorage._setSwapSlippage
DA:32,3
DA:33,3
DA:34,3
DA:39,99
FN:39,AssetPriceOracleAndSwapperStorage._initializeSwapSlippage
FNDA:99,AssetPriceOracleAndSwapperStorage._initializeSwapSlippage
DA:40,99
DA:41,99
DA:42,99
FNF:4
FNH:4
LF:14
LH:14
BRF:0
BRH:0
end_of_record
TN:
SF:src/storage/LibAssetPriceOracleAndSwapperStorage.sol
DA:26,2756
FN:26,LibAssetPriceOracleAndSwapperStorage.assetPriceOracleAndSwapperStorage
FNDA:2756,LibAssetPriceOracleAndSwapperStorage.assetPriceOracleAndSwapperStorage
DA:27,2756
DA:29,2756
FNF:1
FNH:1
LF:3
LH:3
BRF:0
BRH:0
end_of_record
TN:
SF:src/swapper-engines/UniswapV3SwapperEngine.sol
DA:29,6
FN:29,UniswapV3SwapperEngine.onlyDelegateCall
FNDA:6,UniswapV3SwapperEngine.onlyDelegateCall
DA:30,6
DA:36,286
FN:36,UniswapV3SwapperEngine._checkDelegateCall
FNDA:286,UniswapV3SwapperEngine._checkDelegateCall
DA:37,286
BRDA:37,0,0,2
DA:40,133
FN:40,UniswapV3SwapperEngine.constructor
FNDA:133,UniswapV3SwapperEngine.constructor
DA:41,133
DA:42,133
DA:43,133
DA:44,133
DA:48,1
FN:48,UniswapV3SwapperEngine.name
FNDA:1,UniswapV3SwapperEngine.name
DA:49,1
DA:53,6
FN:53,UniswapV3SwapperEngine.swapForInput
FNDA:6,UniswapV3SwapperEngine.swapForInput
DA:59,5
DA:63,5
DA:64,5
DA:65,5
DA:67,5
BRDA:67,1,0,2
BRDA:67,1,1,1
DA:69,2
DA:70,2
DA:71,2
DA:72,3
BRDA:72,2,0,2
BRDA:72,2,1,1
DA:75,2
DA:76,2
DA:77,2
DA:80,1
DA:84,4
DA:89,4
DA:92,4
DA:93,4
DA:95,4
DA:104,4
DA:107,4
DA:108,4
DA:112,280
FN:112,UniswapV3SwapperEngine.swapForOutput
FNDA:280,UniswapV3SwapperEngine.swapForOutput
DA:118,279
DA:122,279
DA:123,279
DA:125,279
BRDA:125,3,0,5
BRDA:125,3,1,1
DA:127,5
DA:128,5
DA:129,274
BRDA:129,4,0,273
BRDA:129,4,1,1
DA:132,273
DA:133,273
DA:136,1
DA:140,278
DA:145,278
DA:148,278
DA:149,278
DA:151,278
DA:160,278
DA:163,277
DA:164,277
DA:168,1027
FN:168,UniswapV3SwapperEngine.getQuote
FNDA:1027,UniswapV3SwapperEngine.getQuote
DA:174,1027
DA:179,1027
DA:181,1027
BRDA:181,5,0,431
BRDA:181,5,1,1
DA:183,431
DA:184,596
BRDA:184,6,0,595
BRDA:184,6,1,1
DA:187,595
DA:190,1
DA:198,1026
DA:200,1026
DA:201,1026
BRDA:201,7,0,1026
DA:202,1026
DA:206,1026
DA:207,1026
DA:208,1026
DA:213,1026
DA:216,104
FN:216,UniswapV3SwapperEngine.onInit
FNDA:104,UniswapV3SwapperEngine.onInit
DA:217,104
DA:218,103
BRDA:218,8,0,-
DA:220,103
DA:221,103
DA:225,103
DA:226,103
DA:234,9
FN:234,UniswapV3SwapperEngine.getAssetAddresses
FNDA:9,UniswapV3SwapperEngine.getAssetAddresses
DA:235,9
DA:242,1424
FN:242,UniswapV3SwapperEngine._getAssetAddresses
FNDA:1424,UniswapV3SwapperEngine._getAssetAddresses
DA:243,1424
BRDA:243,9,0,2
DA:247,1422
DA:248,1422
DA:253,1422
DA:256,1422
DA:257,1422
DA:258,1422
DA:259,1422
DA:268,876
FN:268,UniswapV3SwapperEngine._reversePath
FNDA:876,UniswapV3SwapperEngine._reversePath
DA:269,876
DA:270,876
BRDA:270,10,0,1
BRDA:270,10,1,875
DA:273,875
DA:277,875
DA:278,875
DA:281,875
DA:285,875
DA:286,875
DA:287,875
DA:290,875
DA:291,875
DA:294,875
DA:297,1738
DA:298,1738
DA:301,1738
DA:303,1738
DA:305,1738
DA:306,1738
DA:309,1738
DA:312,1738
DA:313,1738
DA:317,1738
DA:319,1738
DA:321,1738
DA:322,1738
DA:325,1738
DA:328,1738
BRDA:328,11,0,863
DA:329,863
DA:334,875
DA:335,875
DA:336,875
DA:340,385
FN:340,UniswapV3SwapperEngine._getPermit2
FNDA:385,UniswapV3SwapperEngine._getPermit2
DA:341,385
DA:344,1026
FN:344,UniswapV3SwapperEngine._getQuoter
FNDA:1026,UniswapV3SwapperEngine._getQuoter
DA:345,1026
DA:348,564
FN:348,UniswapV3SwapperEngine._getUniversalRouter
FNDA:564,UniswapV3SwapperEngine._getUniversalRouter
DA:349,564
FNF:14
FNH:14
LF:124
LH:124
BRF:19
BRH:18
end_of_record
TN:
SF:test/CoverageAgent.t.sol
DA:26,20
FN:26,MockCoverageProvider.onIsRegistered
FNDA:20,MockCoverageProvider.onIsRegistered
DA:27,20
DA:30,14
FN:30,MockCoverageProvider.createPosition
FNDA:14,MockCoverageProvider.createPosition
DA:35,14
DA:36,14
DA:37,14
DA:38,14
DA:41,0
FN:41,MockCoverageProvider.closePosition
FNDA:0,MockCoverageProvider.closePosition
DA:42,0
DA:43,0
DA:46,14
FN:46,MockCoverageProvider.claimCoverage
FNDA:14,MockCoverageProvider.claimCoverage
DA:50,14
DA:51,14
DA:59,14
DA:60,14
DA:63,0
FN:63,MockCoverageProvider.liquidateClaim
FNDA:0,MockCoverageProvider.liquidateClaim
DA:64,0
DA:65,0
DA:68,0
FN:68,MockCoverageProvider.completeClaims
FNDA:0,MockCoverageProvider.completeClaims
DA:69,0
DA:70,0
DA:71,0
DA:72,0
DA:75,6
FN:75,MockCoverageProvider.slashClaims
FNDA:6,MockCoverageProvider.slashClaims
DA:80,6
DA:81,6
DA:82,6
DA:83,6
DA:84,6
DA:85,6
DA:89,0
FN:89,MockCoverageProvider.completeSlash
FNDA:0,MockCoverageProvider.completeSlash
DA:90,0
BRDA:90,0,0,-
DA:91,0
DA:93,0
DA:94,0
DA:97,3
FN:97,MockCoverageProvider.position
FNDA:3,MockCoverageProvider.position
DA:98,3
DA:101,0
FN:101,MockCoverageProvider.positionMaxAmount
FNDA:0,MockCoverageProvider.positionMaxAmount
DA:102,0
DA:105,19
FN:105,MockCoverageProvider.claim
FNDA:19,MockCoverageProvider.claim
DA:106,19
DA:109,0
FN:109,MockCoverageProvider.claimBacking
FNDA:0,MockCoverageProvider.claimBacking
DA:110,0
DA:113,0
FN:113,MockCoverageProvider.claimTotalSlashAmount
FNDA:0,MockCoverageProvider.claimTotalSlashAmount
DA:114,0
FNF:13
FNH:6
LF:45
LH:23
BRF:1
BRH:0
end_of_record
TN:
SF:test/providers/Eigen.t.sol
DA:1409,2
FN:1409,MockSlashCoordinator.initiateSlash
FNDA:2,MockSlashCoordinator.initiateSlash
DA:1410,2
DA:1411,2
DA:1412,2
DA:1415,3
FN:1415,MockSlashCoordinator.status
FNDA:3,MockSlashCoordinator.status
DA:1416,3
DA:1419,1
FN:1419,MockSlashCoordinator.setStatus
FNDA:1,MockSlashCoordinator.setStatus
DA:1420,1
DA:1421,1
BRDA:1421,6,0,1
BRDA:1421,6,1,-
DA:1422,1
DA:1423,0
BRDA:1423,7,0,-
DA:1424,0
DA:1435,2
FN:1435,MockStrategy.constructor
FNDA:2,MockStrategy.constructor
DA:1436,2
DA:1439,2
FN:1439,MockStrategy.underlyingToken
FNDA:2,MockStrategy.underlyingToken
DA:1440,2
FNF:5
FNH:5
LF:16
LH:14
BRF:3
BRH:1
end_of_record
TN:
SF:test/swapper-engines/UniswapV3SwapperEngine.t.sol
DA:14,32
FN:14,DelegateCallProxy.constructor
FNDA:32,DelegateCallProxy.constructor
DA:15,32
DA:18,27
FN:18,DelegateCallProxy.fallback
FNDA:27,DelegateCallProxy.fallback
DA:19,27
DA:21,27
DA:22,27
DA:23,27
DA:25,27
DA:26,23
DA:40,6
FN:40,TestUniswapV3SwapperEngine.reversePath
FNDA:6,TestUniswapV3SwapperEngine.reversePath
DA:41,6
FNF:3
FNH:3
LF:11
LH:11
BRF:0
BRH:0
end_of_record
TN:
SF:test/utils/EigenTestDeployer.sol
DA:39,76
FN:39,EigenTestDeployer.setUp
FNDA:76,EigenTestDeployer.setUp
DA:40,76
DA:42,76
DA:43,76
DA:45,76
DA:46,76
DA:47,76
DA:50,76
DA:51,76
DA:52,76
DA:56,76
DA:57,76
DA:58,76
DA:59,76
DA:60,76
DA:61,76
DA:66,76
DA:67,76
DA:68,76
DA:69,76
DA:70,76
DA:71,76
DA:74,76
DA:88,76
DA:91,76
DA:94,76
DA:97,0
FN:97,EigenTestDeployer.toRewardsInterval
FNDA:0,EigenTestDeployer.toRewardsInterval
DA:100,3
FNF:2
FNH:1
LF:28
LH:27
BRF:0
BRH:0
end_of_record
TN:
SF:test/utils/MockAssetPriceOracleAndSwapper.sol
DA:15,49
FN:15,MockAssetPriceOracleAndSwapper.onlyOwner
FNDA:49,MockAssetPriceOracleAndSwapper.onlyOwner
DA:16,49
BRDA:16,0,0,1
DA:20,23
FN:20,MockAssetPriceOracleAndSwapper.constructor
FNDA:23,MockAssetPriceOracleAndSwapper.constructor
DA:21,23
DA:23,23
DA:28,49
FN:28,MockAssetPriceOracleAndSwapper.register
FNDA:49,MockAssetPriceOracleAndSwapper.register
DA:29,48
FNF:3
FNH:3
LF:7
LH:7
BRF:1
BRH:1
end_of_record
TN:
SF:test/utils/MockPriceOracle.sol
DA:11,71
FN:11,MockPriceOracle.constructor
FNDA:71,MockPriceOracle.constructor
DA:12,71
DA:13,71
DA:14,71
DA:17,73
FN:17,MockPriceOracle.setMultiplier
FNDA:73,MockPriceOracle.setMultiplier
DA:18,73
DA:21,0
FN:21,MockPriceOracle.name
FNDA:0,MockPriceOracle.name
DA:22,0
DA:25,9
FN:25,MockPriceOracle.getQuote
FNDA:9,MockPriceOracle.getQuote
DA:26,9
DA:29,0
FN:29,MockPriceOracle.getQuotes
FNDA:0,MockPriceOracle.getQuotes
DA:34,0
DA:37,9
FN:37,MockPriceOracle.multiply
FNDA:9,MockPriceOracle.multiply
DA:38,9
BRDA:38,0,0,2
BRDA:38,0,1,-
DA:39,2
DA:40,7
BRDA:40,1,0,7
BRDA:40,1,1,-
DA:41,7
DA:43,0
FNF:6
FNH:4
LF:18
LH:13
BRF:4
BRH:2
end_of_record
TN:
SF:test/utils/TestDeployer.sol
DA:21,153
FN:21,TestDeployer.setUp
FNDA:153,TestDeployer.setUp
DA:22,153
DA:23,153
DA:24,153
DA:26,153
DA:31,153
DA:32,153
DA:33,153
DA:34,153
DA:36,153
DA:37,153
DA:38,153
DA:39,153
FNF:1
FNH:1
LF:13
LH:13
BRF:0
BRH:0
end_of_record
TN:
SF:utils/ChainHelper.sol
DA:31,0
FN:31,ChainHelper.constructor
FNDA:0,ChainHelper.constructor
DA:32,0
DA:35,0
FN:35,ChainHelper._getChainInfo
FNDA:0,ChainHelper._getChainInfo
DA:36,0
DA:39,0
FN:39,ChainHelper._getChainName
FNDA:0,ChainHelper._getChainName
DA:40,0
DA:43,0
FN:43,ChainHelper._getFromBlockNumber
FNDA:0,ChainHelper._getFromBlockNumber
DA:44,0
DA:47,0
FN:47,ChainHelper._getUSDC
FNDA:0,ChainHelper._getUSDC
DA:48,0
DA:51,0
FN:51,ChainHelper._getUSDT
FNDA:0,ChainHelper._getUSDT
DA:52,0
DA:55,0
FN:55,ChainHelper._getWETH
FNDA:0,ChainHelper._getWETH
DA:56,0
DA:63,0
FN:63,ChainHelper._getAsset
FNDA:0,ChainHelper._getAsset
DA:64,0
DA:65,0
DA:66,0
DA:67,0
DA:69,0
DA:70,0
BRDA:70,0,0,-
DA:71,0
DA:75,0
DA:77,0
DA:80,0
FN:80,ChainHelper._getAddressBook
FNDA:0,ChainHelper._getAddressBook
DA:81,0
DA:83,0
DA:84,0
DA:86,0
DA:87,0
DA:89,0
DA:90,0
DA:91,0
DA:94,0
FN:94,ChainHelper._labelAddresses
FNDA:0,ChainHelper._labelAddresses
DA:95,0
DA:97,0
DA:98,0
DA:99,0
FNF:10
FNH:0
LF:38
LH:0
BRF:1
BRH:0
end_of_record
TN:
SF:utils/EigenHelper.sol
DA:38,76
FN:38,EigenHelper.constructor
FNDA:76,EigenHelper.constructor
DA:39,76
DA:42,0
FN:42,EigenHelper._getAllocationManager
FNDA:0,EigenHelper._getAllocationManager
DA:43,0
DA:45,184
FN:45,EigenHelper._getDelegationManager
FNDA:184,EigenHelper._getDelegationManager
DA:46,184
DA:48,184
FN:48,EigenHelper._getStrategyManager
FNDA:184,EigenHelper._getStrategyManager
DA:49,184
DA:51,76
FN:51,EigenHelper._getRewardsCoordinator
FNDA:76,EigenHelper._getRewardsCoordinator
DA:52,76
DA:54,0
FN:54,EigenHelper._getPermissionController
FNDA:0,EigenHelper._getPermissionController
DA:55,0
DA:57,0
FN:57,EigenHelper._getStrategyFactory
FNDA:0,EigenHelper._getStrategyFactory
DA:58,0
DA:60,1384
FN:60,EigenHelper._getTestStrategy
FNDA:1384,EigenHelper._getTestStrategy
DA:61,1384
DA:64,1980
FN:64,EigenHelper._getAddressBook
FNDA:1980,EigenHelper._getAddressBook
DA:65,1980
DA:67,1980
DA:68,1980
DA:70,1980
DA:72,1980
DA:74,1980
DA:75,1980
DA:77,1980
DA:79,1980
DA:80,1980
DA:83,76
FN:83,EigenHelper._labelAddresses
FNDA:76,EigenHelper._labelAddresses
DA:84,76
DA:86,76
DA:87,76
DA:88,76
DA:89,76
DA:90,76
DA:91,76
DA:92,76
FNF:10
FNH:7
LF:36
LH:30
BRF:0
BRH:0
end_of_record
TN:
SF:utils/UniswapHelper.sol
DA:32,131
FN:32,UniswapHelper.constructor
FNDA:131,UniswapHelper.constructor
DA:33,131
DA:36,0
FN:36,UniswapHelper._getUniversalRouter
FNDA:0,UniswapHelper._getUniversalRouter
DA:37,0
DA:40,0
FN:40,UniswapHelper._getPermit2
FNDA:0,UniswapHelper._getPermit2
DA:41,0
DA:44,0
FN:44,UniswapHelper._getQuoter
FNDA:0,UniswapHelper._getQuoter
DA:45,0
DA:48,0
FN:48,UniswapHelper._getV4PositionManager
FNDA:0,UniswapHelper._getV4PositionManager
DA:49,0
DA:52,308
FN:52,UniswapHelper._getUniswapAddressBook
FNDA:308,UniswapHelper._getUniswapAddressBook
DA:53,308
DA:55,308
DA:56,308
DA:58,308
DA:60,308
DA:62,308
DA:64,308
DA:68,131
FN:68,UniswapHelper._labelUniswapAddresses
FNDA:131,UniswapHelper._labelUniswapAddresses
DA:69,131
DA:71,131
DA:72,131
DA:73,131
DA:74,131
FNF:7
FNH:3
LF:24
LH:16
BRF:0
BRH:0
end_of_record
TN:
SF:utils/deployments/AssetPriceOracleAndSwapperFacetDeployer.sol
DA:15,76
FN:15,AssetPriceOracleAndSwapperFacetDeployer.deployAssetPriceOracleAndSwapperFacet
FNDA:76,AssetPriceOracleAndSwapperFacetDeployer.deployAssetPriceOracleAndSwapperFacet
DA:19,76
DA:25,76
FN:25,AssetPriceOracleAndSwapperFacetDeployer.getAssetPriceOracleAndSwapperFacetCut
FNDA:76,AssetPriceOracleAndSwapperFacetDeployer.getAssetPriceOracleAndSwapperFacetCut
DA:28,76
DA:37,76
FN:37,AssetPriceOracleAndSwapperFacetDeployer.getAssetPriceOracleAndSwapperSelectors
FNDA:76,AssetPriceOracleAndSwapperFacetDeployer.getAssetPriceOracleAndSwapperSelectors
DA:42,76
DA:43,76
DA:44,76
DA:45,76
DA:46,76
DA:47,76
DA:48,76
DA:49,76
FNF:3
FNH:3
LF:13
LH:13
BRF:0
BRH:0
end_of_record
TN:
SF:utils/deployments/DiamondFacetsDeployer.sol
DA:19,76
FN:19,DiamondFacetsDeployer.deployDiamondFacets
FNDA:76,DiamondFacetsDeployer.deployDiamondFacets
DA:23,76
DA:24,76
DA:31,76
FN:31,DiamondFacetsDeployer.getDiamondFacetCuts
FNDA:76,DiamondFacetsDeployer.getDiamondFacetCuts
DA:35,76
DA:38,76
DA:45,76
DA:54,76
FN:54,DiamondFacetsDeployer.getDiamondCutSelectors
FNDA:76,DiamondFacetsDeployer.getDiamondCutSelectors
DA:55,76
DA:56,76
DA:57,76
DA:58,76
DA:63,76
FN:63,DiamondFacetsDeployer.getDiamondLoupeSelectors
FNDA:76,DiamondFacetsDeployer.getDiamondLoupeSelectors
DA:64,76
DA:65,76
DA:66,76
DA:67,76
DA:68,76
DA:69,76
FNF:4
FNH:4
LF:19
LH:19
BRF:0
BRH:0
end_of_record
TN:
SF:utils/deployments/EigenFacetsDeployer.sol
DA:18,76
FN:18,EigenFacetsDeployer.deployEigenFacets
FNDA:76,EigenFacetsDeployer.deployEigenFacets
DA:25,76
DA:26,76
DA:33,76
FN:33,EigenFacetsDeployer.getEigenFacetCuts
FNDA:76,EigenFacetsDeployer.getEigenFacetCuts
DA:37,76
DA:40,76
DA:47,76
DA:56,76
FN:56,EigenFacetsDeployer.getEigenServiceManagerSelectors
FNDA:76,EigenFacetsDeployer.getEigenServiceManagerSelectors
DA:57,76
DA:58,76
DA:59,76
DA:60,76
DA:61,76
DA:62,76
DA:63,76
DA:64,76
DA:65,76
DA:66,76
DA:67,76
DA:68,76
DA:69,76
DA:70,76
DA:75,76
FN:75,EigenFacetsDeployer.getEigenCoverageProviderSelectors
FNDA:76,EigenFacetsDeployer.getEigenCoverageProviderSelectors
DA:76,76
DA:77,76
DA:78,76
DA:79,76
DA:80,76
DA:81,76
DA:82,76
DA:83,76
DA:84,76
DA:85,76
DA:86,76
DA:87,76
DA:88,76
FNF:4
FNH:4
LF:36
LH:36
BRF:0
BRH:0
end_of_record
